0 verbose cli C:\Program Files\nodejs\node.exe C:\Program Files\nodejs\node_modules\npm\bin\npm-cli.js
1 info using npm@10.8.2
2 info using node@v18.20.5
3 silly config load:file:C:\Program Files\nodejs\node_modules\npm\npmrc
4 silly config load:file:D:\UpdatedFYP\manufacturing-progress-tracker-main\.npmrc
5 silly config load:file:C:\Users\saadr\.npmrc
6 silly config load:file:C:\Users\saadr\AppData\Roaming\npm\etc\npmrc
7 verbose title npm install @neondatabase/serverless
8 verbose argv "install" "@neondatabase/serverless"
9 verbose logfile logs-max:10 dir:D:\UpdatedFYP\manufacturing-progress-tracker-main\%APPDATA%\npm-cache\_logs\2025-01-13T07_27_14_108Z-
10 verbose logfile D:\UpdatedFYP\manufacturing-progress-tracker-main\%APPDATA%\npm-cache\_logs\2025-01-13T07_27_14_108Z-debug-0.log
11 silly packumentCache heap:4345298944 maxSize:1086324736 maxEntrySize:543162368
12 silly logfile start cleaning logs, removing 1 files
13 silly logfile done cleaning log files
14 silly idealTree buildDeps
15 silly fetch manifest @neondatabase/serverless@^0.10.4
16 silly packumentCache full:https://registry.npmjs.org/@neondatabase%2fserverless cache-miss
17 http fetch GET 200 https://registry.npmjs.org/@neondatabase%2fserverless 1416ms (cache updated)
18 silly packumentCache full:https://registry.npmjs.org/@neondatabase%2fserverless set size:undefined disposed:false
19 silly placeDep ROOT @neondatabase/serverless@0.10.4 REPLACE for: textile-plm-digitalisation@0.1.0 want: ^0.10.4
20 silly reify moves {}
21 silly audit bulk request {
21 silly audit   '@alloc/quick-lru': [ '5.2.0' ],
21 silly audit   '@babel/runtime': [ '7.25.7' ],
21 silly audit   '@clerk/backend': [ '1.13.9' ],
21 silly audit   tslib: [ '2.4.1', '2.7.0' ],
21 silly audit   '@clerk/clerk-react': [ '5.11.0' ],
21 silly audit   '@clerk/nextjs': [ '5.7.2' ],
21 silly audit   '@clerk/shared': [ '2.9.0' ],
21 silly audit   '@clerk/types': [ '4.25.0' ],
21 silly audit   csstype: [ '3.1.1', '3.1.3' ],
21 silly audit   '@eslint-community/eslint-utils': [ '4.4.0' ],
21 silly audit   '@eslint-community/regexpp': [ '4.11.1' ],
21 silly audit   '@eslint/eslintrc': [ '2.1.4' ],
21 silly audit   '@eslint/js': [ '8.57.1' ],
21 silly audit   '@floating-ui/core': [ '1.6.8' ],
21 silly audit   '@floating-ui/dom': [ '1.6.11' ],
21 silly audit   '@floating-ui/react-dom': [ '2.1.2' ],
21 silly audit   '@floating-ui/utils': [ '0.2.8' ],
21 silly audit   '@gar/promisify': [ '1.1.3' ],
21 silly audit   '@humanwhocodes/config-array': [ '0.13.0' ],
21 silly audit   '@humanwhocodes/module-importer': [ '1.0.1' ],
21 silly audit   '@humanwhocodes/object-schema': [ '2.0.3' ],
21 silly audit   '@isaacs/cliui': [ '8.0.2' ],
21 silly audit   'ansi-regex': [ '6.1.0', '5.0.1' ],
21 silly audit   'strip-ansi': [ '7.1.0', '6.0.1' ],
21 silly audit   '@jridgewell/gen-mapping': [ '0.3.5' ],
21 silly audit   '@jridgewell/resolve-uri': [ '3.1.2' ],
21 silly audit   '@jridgewell/set-array': [ '1.2.1' ],
21 silly audit   '@jridgewell/sourcemap-codec': [ '1.5.0' ],
21 silly audit   '@jridgewell/trace-mapping': [ '0.3.25' ],
21 silly audit   '@kurkle/color': [ '0.3.4' ],
21 silly audit   '@neondatabase/serverless': [ '0.9.5', '0.10.4' ],
21 silly audit   '@next/env': [ '14.2.14' ],
21 silly audit   '@next/eslint-plugin-next': [ '14.2.14' ],
21 silly audit   '@next/swc-darwin-arm64': [ '14.2.14' ],
21 silly audit   '@next/swc-darwin-x64': [ '14.2.14' ],
21 silly audit   '@next/swc-linux-arm64-gnu': [ '14.2.14' ],
21 silly audit   '@next/swc-linux-arm64-musl': [ '14.2.14' ],
21 silly audit   '@next/swc-linux-x64-gnu': [ '14.2.14' ],
21 silly audit   '@next/swc-linux-x64-musl': [ '14.2.14' ],
21 silly audit   '@next/swc-win32-arm64-msvc': [ '14.2.14' ],
21 silly audit   '@next/swc-win32-ia32-msvc': [ '14.2.14' ],
21 silly audit   '@next/swc-win32-x64-msvc': [ '14.2.14' ],
21 silly audit   '@nodelib/fs.scandir': [ '2.1.5' ],
21 silly audit   '@nodelib/fs.stat': [ '2.0.5' ],
21 silly audit   '@nodelib/fs.walk': [ '1.2.8' ],
21 silly audit   '@nolyfill/is-core-module': [ '1.0.39' ],
21 silly audit   '@npmcli/fs': [ '1.1.1' ],
21 silly audit   '@npmcli/move-file': [ '1.1.2' ],
21 silly audit   '@pkgjs/parseargs': [ '0.11.0' ],
21 silly audit   '@radix-ui/number': [ '1.1.0' ],
21 silly audit   '@radix-ui/primitive': [ '1.1.0', '1.0.1' ],
21 silly audit   '@radix-ui/react-alert-dialog': [ '1.1.2' ],
21 silly audit   '@radix-ui/react-arrow': [ '1.1.0' ],
21 silly audit   '@radix-ui/react-avatar': [ '1.1.1' ],
21 silly audit   '@radix-ui/react-checkbox': [ '1.1.2' ],
21 silly audit   '@radix-ui/react-collection': [ '1.1.0' ],
21 silly audit   '@radix-ui/react-context': [ '1.1.0', '1.1.1', '1.0.1' ],
21 silly audit   '@radix-ui/react-compose-refs': [ '1.1.0', '1.0.1' ],
21 silly audit   '@radix-ui/react-dialog': [ '1.1.2', '1.0.5' ],
21 silly audit   '@radix-ui/react-direction': [ '1.1.0' ],
21 silly audit   '@radix-ui/react-dismissable-layer': [ '1.1.1', '1.0.5' ],
21 silly audit   '@radix-ui/react-dropdown-menu': [ '2.1.2' ],
21 silly audit   '@radix-ui/react-focus-guards': [ '1.1.1', '1.0.1' ],
21 silly audit   '@radix-ui/react-focus-scope': [ '1.1.0', '1.0.4' ],
21 silly audit   '@radix-ui/react-icons': [ '1.3.2' ],
21 silly audit   '@radix-ui/react-id': [ '1.1.0', '1.0.1' ],
21 silly audit   '@radix-ui/react-label': [ '2.1.0' ],
21 silly audit   '@radix-ui/react-menu': [ '2.1.2' ],
21 silly audit   '@radix-ui/react-popover': [ '1.1.2' ],
21 silly audit   '@radix-ui/react-popper': [ '1.2.0' ],
21 silly audit   '@radix-ui/react-portal': [ '1.1.2', '1.0.4' ],
21 silly audit   '@radix-ui/react-presence': [ '1.1.1', '1.0.1' ],
21 silly audit   '@radix-ui/react-primitive': [ '2.0.0', '1.0.3' ],
21 silly audit   '@radix-ui/react-roving-focus': [ '1.1.0' ],
21 silly audit   '@radix-ui/react-scroll-area': [ '1.2.0' ],
21 silly audit   '@radix-ui/react-select': [ '2.1.2' ],
21 silly audit   '@radix-ui/react-slot': [ '1.1.0', '1.0.2' ],
21 silly audit   '@radix-ui/react-switch': [ '1.1.1' ],
21 silly audit   '@radix-ui/react-tabs': [ '1.1.1' ],
21 silly audit   '@radix-ui/react-toast': [ '1.2.2' ],
21 silly audit   '@radix-ui/react-use-callback-ref': [ '1.1.0', '1.0.1' ],
21 silly audit   '@radix-ui/react-use-controllable-state': [ '1.1.0', '1.0.1' ],
21 silly audit   '@radix-ui/react-use-escape-keydown': [ '1.1.0', '1.0.3' ],
21 silly audit   '@radix-ui/react-use-layout-effect': [ '1.1.0', '1.0.1' ],
21 silly audit   '@radix-ui/react-use-previous': [ '1.1.0' ],
21 silly audit   '@radix-ui/react-use-rect': [ '1.1.0' ],
21 silly audit   '@radix-ui/react-use-size': [ '1.1.0' ],
21 silly audit   '@radix-ui/react-visually-hidden': [ '1.1.0' ],
21 silly audit   '@radix-ui/rect': [ '1.1.0' ],
21 silly audit   '@rtsao/scc': [ '1.1.0' ],
21 silly audit   '@rushstack/eslint-patch': [ '1.10.4' ],
21 silly audit   '@swc/counter': [ '0.1.3' ],
21 silly audit   '@swc/helpers': [ '0.5.5' ],
21 silly audit   '@tootallnate/once': [ '1.1.2' ],
21 silly audit   '@types/better-sqlite3': [ '7.6.11' ],
21 silly audit   '@types/d3-array': [ '3.2.1' ],
21 silly audit   '@types/d3-color': [ '3.1.3' ],
21 silly audit   '@types/d3-ease': [ '3.0.2' ],
21 silly audit   '@types/d3-interpolate': [ '3.0.4' ],
21 silly audit   '@types/d3-path': [ '3.1.0' ],
21 silly audit   '@types/d3-scale': [ '4.0.8' ],
21 silly audit   '@types/d3-shape': [ '3.1.6' ],
21 silly audit   '@types/d3-time': [ '3.0.4' ],
21 silly audit   '@types/d3-timer': [ '3.0.2' ],
21 silly audit   '@types/json5': [ '0.0.29' ],
21 silly audit   '@types/node': [ '20.16.10' ],
21 silly audit   '@types/pg': [ '8.11.6' ],
21 silly audit   '@types/prop-types': [ '15.7.13' ],
21 silly audit   '@types/react': [ '18.3.11' ],
21 silly audit   '@types/react-dom': [ '18.3.0' ],
21 silly audit   '@typescript-eslint/eslint-plugin': [ '8.8.0' ],
21 silly audit   '@typescript-eslint/parser': [ '8.8.0' ],
21 silly audit   '@typescript-eslint/scope-manager': [ '8.8.0' ],
21 silly audit   '@typescript-eslint/type-utils': [ '8.8.0' ],
21 silly audit   '@typescript-eslint/types': [ '8.8.0' ],
21 silly audit   '@typescript-eslint/typescript-estree': [ '8.8.0' ],
21 silly audit   'brace-expansion': [ '2.0.1', '1.1.11' ],
21 silly audit   minimatch: [ '9.0.5', '3.1.2' ],
21 silly audit   '@typescript-eslint/utils': [ '8.8.0' ],
21 silly audit   '@typescript-eslint/visitor-keys': [ '8.8.0' ],
21 silly audit   '@ungap/structured-clone': [ '1.2.0' ],
21 silly audit   '@vercel/postgres': [ '0.10.0' ],
21 silly audit   abbrev: [ '1.1.1' ],
21 silly audit   acorn: [ '8.12.1' ],
21 silly audit   'acorn-jsx': [ '5.3.2' ],
21 silly audit   'agent-base': [ '6.0.2' ],
21 silly audit   agentkeepalive: [ '4.5.0' ],
21 silly audit   'aggregate-error': [ '3.1.0' ],
21 silly audit   ajv: [ '6.12.6' ],
21 silly audit   'ansi-styles': [ '4.3.0', '6.2.1' ],
21 silly audit   'any-promise': [ '1.3.0' ],
21 silly audit   anymatch: [ '3.1.3' ],
21 silly audit   aproba: [ '2.0.0' ],
21 silly audit   'are-we-there-yet': [ '3.0.1' ],
21 silly audit   arg: [ '5.0.2' ],
21 silly audit   argparse: [ '2.0.1' ],
21 silly audit   'aria-hidden': [ '1.2.4' ],
21 silly audit   'aria-query': [ '5.1.3' ],
21 silly audit   'array-buffer-byte-length': [ '1.0.1' ],
21 silly audit   'array-includes': [ '3.1.8' ],
21 silly audit   'array.prototype.findlast': [ '1.2.5' ],
21 silly audit   'array.prototype.findlastindex': [ '1.2.5' ],
21 silly audit   'array.prototype.flat': [ '1.3.2' ],
21 silly audit   'array.prototype.flatmap': [ '1.3.2' ],
21 silly audit   'array.prototype.tosorted': [ '1.1.4' ],
21 silly audit   'arraybuffer.prototype.slice': [ '1.0.3' ],
21 silly audit   'ast-types-flow': [ '0.0.8' ],
21 silly audit   'available-typed-arrays': [ '1.0.7' ],
21 silly audit   'axe-core': [ '4.10.0' ],
21 silly audit   'axobject-query': [ '4.1.0' ],
21 silly audit   'balanced-match': [ '1.0.2' ],
21 silly audit   'base64-js': [ '1.5.1' ],
21 silly audit   'better-sqlite3': [ '11.5.0' ],
21 silly audit   'binary-extensions': [ '2.3.0' ],
21 silly audit   bindings: [ '1.5.0' ],
21 silly audit   bl: [ '4.1.0' ],
21 silly audit   braces: [ '3.0.3' ],
21 silly audit   buffer: [ '5.7.1' ],
21 silly audit   bufferutil: [ '4.0.8' ],
21 silly audit   busboy: [ '1.6.0' ],
21 silly audit   cacache: [ '15.3.0' ],
21 silly audit   glob: [ '7.2.3', '10.3.10' ],
21 silly audit   'lru-cache': [ '6.0.0', '10.4.3' ],
21 silly audit   minipass: [ '3.3.6', '7.1.2', '5.0.0' ],
21 silly audit   'call-bind': [ '1.0.7' ],
21 silly audit   callsites: [ '3.1.0' ],
21 silly audit   'camelcase-css': [ '2.0.1' ],
21 silly audit   'caniuse-lite': [ '1.0.30001667' ],
21 silly audit   chalk: [ '4.1.2' ],
21 silly audit   'chart.js': [ '4.4.7' ],
21 silly audit   chokidar: [ '3.6.0' ],
21 silly audit   'glob-parent': [ '5.1.2', '6.0.2' ],
21 silly audit   chownr: [ '2.0.0', '1.1.4' ],
21 silly audit   'class-variance-authority': [ '0.7.1' ],
21 silly audit   'clean-stack': [ '2.2.0' ],
21 silly audit   'client-only': [ '0.0.1' ],
21 silly audit   clsx: [ '2.1.1' ],
21 silly audit   cmdk: [ '1.0.0' ],
21 silly audit   'react-remove-scroll': [ '2.5.5', '2.6.0' ],
21 silly audit   'color-convert': [ '2.0.1' ],
21 silly audit   'color-name': [ '1.1.4' ],
21 silly audit   'color-support': [ '1.1.3' ],
21 silly audit   commander: [ '4.1.1' ],
21 silly audit   'concat-map': [ '0.0.1' ],
21 silly audit   'console-control-strings': [ '1.1.0' ],
21 silly audit   cookie: [ '0.7.0' ],
21 silly audit   'cross-spawn': [ '7.0.3' ],
21 silly audit   'crypto-js': [ '4.2.0' ],
21 silly audit   cssesc: [ '3.0.0' ],
21 silly audit   'd3-array': [ '3.2.4' ],
21 silly audit   'd3-color': [ '3.1.0' ],
21 silly audit   'd3-ease': [ '3.0.1' ],
21 silly audit   'd3-format': [ '3.1.0' ],
21 silly audit   'd3-interpolate': [ '3.0.1' ],
21 silly audit   'd3-path': [ '3.1.0' ],
21 silly audit   'd3-scale': [ '4.0.2' ],
21 silly audit   'd3-shape': [ '3.2.0' ],
21 silly audit   'd3-time': [ '3.1.0' ],
21 silly audit   'd3-time-format': [ '4.1.0' ],
21 silly audit   'd3-timer': [ '3.0.1' ],
21 silly audit   'damerau-levenshtein': [ '1.0.8' ],
21 silly audit   'data-view-buffer': [ '1.0.1' ],
21 silly audit   'data-view-byte-length': [ '1.0.1' ],
21 silly audit   'data-view-byte-offset': [ '1.0.0' ],
21 silly audit   'date-fns': [ '2.30.0' ],
21 silly audit   debug: [ '4.3.7', '3.2.7' ],
21 silly audit   'decimal.js-light': [ '2.5.1' ],
21 silly audit   'decompress-response': [ '6.0.0' ],
21 silly audit   'deep-equal': [ '2.2.3' ],
21 silly audit   'deep-extend': [ '0.6.0' ],
21 silly audit   'deep-is': [ '0.1.4' ],
21 silly audit   'define-data-property': [ '1.1.4' ],
21 silly audit   'define-properties': [ '1.2.1' ],
21 silly audit   delegates: [ '1.0.0' ],
21 silly audit   'detect-libc': [ '2.0.3' ],
21 silly audit   'detect-node-es': [ '1.1.0' ],
21 silly audit   didyoumean: [ '1.2.2' ],
21 silly audit   dlv: [ '1.1.3' ],
21 silly audit   doctrine: [ '3.0.0', '2.1.0' ],
21 silly audit   'dom-helpers': [ '5.2.1' ],
21 silly audit   'dot-case': [ '3.0.4' ],
21 silly audit   'drizzle-orm': [ '0.37.0' ],
21 silly audit   eastasianwidth: [ '0.2.0' ],
21 silly audit   'emoji-regex': [ '9.2.2', '8.0.0' ],
21 silly audit   encoding: [ '0.1.13' ],
21 silly audit   'end-of-stream': [ '1.4.4' ],
21 silly audit   'enhanced-resolve': [ '5.17.1' ],
21 silly audit   'env-paths': [ '2.2.1' ],
21 silly audit   'err-code': [ '2.0.3' ],
21 silly audit   'es-abstract': [ '1.23.3' ],
21 silly audit   'es-define-property': [ '1.0.0' ],
21 silly audit   'es-errors': [ '1.3.0' ],
21 silly audit   'es-get-iterator': [ '1.1.3' ],
21 silly audit   'es-iterator-helpers': [ '1.0.19' ],
21 silly audit   'es-object-atoms': [ '1.0.0' ],
21 silly audit   'es-set-tostringtag': [ '2.0.3' ],
21 silly audit   'es-shim-unscopables': [ '1.0.2' ],
21 silly audit   'es-to-primitive': [ '1.2.1' ],
21 silly audit   'escape-string-regexp': [ '4.0.0' ],
21 silly audit   eslint: [ '8.57.1' ],
21 silly audit   'eslint-config-next': [ '14.2.14' ],
21 silly audit   'eslint-import-resolver-node': [ '0.3.9' ],
21 silly audit   'eslint-import-resolver-typescript': [ '3.6.3' ],
21 silly audit   'eslint-module-utils': [ '2.12.0' ],
21 silly audit   'eslint-plugin-import': [ '2.31.0' ],
21 silly audit   semver: [ '6.3.1', '7.6.3' ],
21 silly audit   'eslint-plugin-jsx-a11y': [ '6.10.0' ],
21 silly audit   'eslint-plugin-react': [ '7.37.1' ],
21 silly audit   'eslint-plugin-react-hooks': [ '4.6.2' ],
21 silly audit   resolve: [ '2.0.0-next.5', '1.22.8' ],
21 silly audit   'eslint-scope': [ '7.2.2' ],
21 silly audit   'eslint-visitor-keys': [ '3.4.3' ],
21 silly audit   espree: [ '9.6.1' ],
21 silly audit   esquery: [ '1.6.0' ],
21 silly audit   esrecurse: [ '4.3.0' ],
21 silly audit   estraverse: [ '5.3.0' ],
21 silly audit   esutils: [ '2.0.3' ],
21 silly audit   eventemitter3: [ '4.0.7' ],
21 silly audit   'expand-template': [ '2.0.3' ],
21 silly audit   'fast-deep-equal': [ '3.1.3' ],
21 silly audit   'fast-equals': [ '5.0.1' ],
21 silly audit   'fast-glob': [ '3.3.2' ],
21 silly audit   'fast-json-stable-stringify': [ '2.1.0' ],
21 silly audit   'fast-levenshtein': [ '2.0.6' ],
21 silly audit   fastq: [ '1.17.1' ],
21 silly audit   'file-entry-cache': [ '6.0.1' ],
21 silly audit   'file-uri-to-path': [ '1.0.0' ],
21 silly audit   'fill-range': [ '7.1.1' ],
21 silly audit   'find-up': [ '5.0.0' ],
21 silly audit   'flat-cache': [ '3.2.0' ],
21 silly audit   flatted: [ '3.3.1' ],
21 silly audit   'for-each': [ '0.3.3' ],
21 silly audit   'foreground-child': [ '3.3.0' ],
21 silly audit   'framer-motion': [ '11.11.10' ],
21 silly audit   'fs-constants': [ '1.0.0' ],
21 silly audit   'fs-minipass': [ '2.1.0' ],
21 silly audit   'fs.realpath': [ '1.0.0' ],
21 silly audit   fsevents: [ '2.3.3' ],
21 silly audit   'function-bind': [ '1.1.2' ],
21 silly audit   'function.prototype.name': [ '1.1.6' ],
21 silly audit   'functions-have-names': [ '1.2.3' ],
21 silly audit   gauge: [ '4.0.4' ],
21 silly audit   'signal-exit': [ '3.0.7', '4.1.0' ],
21 silly audit   'string-width': [ '4.2.3', '5.1.2' ],
21 silly audit   'get-intrinsic': [ '1.2.4' ],
21 silly audit   'get-nonce': [ '1.0.1' ],
21 silly audit   'get-symbol-description': [ '1.0.2' ],
21 silly audit   'get-tsconfig': [ '4.8.1' ],
21 silly audit   'github-from-package': [ '0.0.0' ],
21 silly audit   'glob-to-regexp': [ '0.4.1' ],
21 silly audit   globals: [ '13.24.0' ],
21 silly audit   globalthis: [ '1.0.4' ],
21 silly audit   goober: [ '2.1.15' ],
21 silly audit   gopd: [ '1.0.1' ],
21 silly audit   'graceful-fs': [ '4.2.11' ],
21 silly audit   graphemer: [ '1.4.0' ],
21 silly audit   'has-bigints': [ '1.0.2' ],
21 silly audit   'has-flag': [ '4.0.0' ],
21 silly audit   'has-property-descriptors': [ '1.0.2' ],
21 silly audit   'has-proto': [ '1.0.3' ],
21 silly audit   'has-symbols': [ '1.0.3' ],
21 silly audit   'has-tostringtag': [ '1.0.2' ],
21 silly audit   'has-unicode': [ '2.0.1' ],
21 silly audit   hasown: [ '2.0.2' ],
21 silly audit   'http-cache-semantics': [ '4.1.1' ],
21 silly audit   'http-proxy-agent': [ '4.0.1' ],
21 silly audit   'https-proxy-agent': [ '5.0.1' ],
21 silly audit   'humanize-ms': [ '1.2.1' ],
21 silly audit   'iconv-lite': [ '0.6.3' ],
21 silly audit   ieee754: [ '1.2.1' ],
21 silly audit   ignore: [ '5.3.2' ],
21 silly audit   'import-fresh': [ '3.3.0' ],
21 silly audit   imurmurhash: [ '0.1.4' ],
21 silly audit   'indent-string': [ '4.0.0' ],
21 silly audit   'infer-owner': [ '1.0.4' ],
21 silly audit   inflight: [ '1.0.6' ],
21 silly audit   inherits: [ '2.0.4' ],
21 silly audit   ini: [ '1.3.8' ],
21 silly audit   'internal-slot': [ '1.0.7' ],
21 silly audit   internmap: [ '2.0.3' ],
21 silly audit   invariant: [ '2.2.4' ],
21 silly audit   'ip-address': [ '9.0.5' ],
21 silly audit   'is-arguments': [ '1.1.1' ],
21 silly audit   'is-array-buffer': [ '3.0.4' ],
21 silly audit   'is-async-function': [ '2.0.0' ],
21 silly audit   'is-bigint': [ '1.0.4' ],
21 silly audit   'is-binary-path': [ '2.1.0' ],
21 silly audit   'is-boolean-object': [ '1.1.2' ],
21 silly audit   'is-bun-module': [ '1.2.1' ],
21 silly audit   'is-callable': [ '1.2.7' ],
21 silly audit   'is-core-module': [ '2.15.1' ],
21 silly audit   'is-data-view': [ '1.0.1' ],
21 silly audit   'is-date-object': [ '1.0.5' ],
21 silly audit   'is-extglob': [ '2.1.1' ],
21 silly audit   'is-finalizationregistry': [ '1.0.2' ],
21 silly audit   'is-fullwidth-code-point': [ '3.0.0' ],
21 silly audit   'is-generator-function': [ '1.0.10' ],
21 silly audit   'is-glob': [ '4.0.3' ],
21 silly audit   'is-lambda': [ '1.0.1' ],
21 silly audit   'is-map': [ '2.0.3' ],
21 silly audit   'is-negative-zero': [ '2.0.3' ],
21 silly audit   'is-number': [ '7.0.0' ],
21 silly audit   'is-number-object': [ '1.0.7' ],
21 silly audit   'is-path-inside': [ '3.0.3' ],
21 silly audit   'is-regex': [ '1.1.4' ],
21 silly audit   'is-set': [ '2.0.3' ],
21 silly audit   'is-shared-array-buffer': [ '1.0.3' ],
21 silly audit   'is-string': [ '1.0.7' ],
21 silly audit   'is-symbol': [ '1.0.4' ],
21 silly audit   'is-typed-array': [ '1.1.13' ],
21 silly audit   'is-weakmap': [ '2.0.2' ],
21 silly audit   'is-weakref': [ '1.0.2' ],
21 silly audit   'is-weakset': [ '2.0.3' ],
21 silly audit   isarray: [ '2.0.5' ],
21 silly audit   isexe: [ '2.0.0' ],
21 silly audit   'iterator.prototype': [ '1.1.2' ],
21 silly audit   jackspeak: [ '2.3.6' ],
21 silly audit   jiti: [ '1.21.6' ],
21 silly audit   'js-cookie': [ '3.0.5' ],
21 silly audit   'js-tokens': [ '4.0.0' ],
21 silly audit   'js-yaml': [ '4.1.0' ],
21 silly audit   jsbn: [ '1.1.0' ],
21 silly audit   'json-buffer': [ '3.0.1' ],
21 silly audit   'json-schema-traverse': [ '0.4.1' ],
21 silly audit   'json-stable-stringify-without-jsonify': [ '1.0.1' ],
21 silly audit   json5: [ '1.0.2' ],
21 silly audit   'jsx-ast-utils': [ '3.3.5' ],
21 silly audit   keyv: [ '4.5.4' ],
21 silly audit   'language-subtag-registry': [ '0.3.23' ],
21 silly audit   'language-tags': [ '1.0.9' ],
21 silly audit   levn: [ '0.4.1' ],
21 silly audit   lilconfig: [ '2.1.0', '3.1.2' ],
21 silly audit   'lines-and-columns': [ '1.2.4' ],
21 silly audit   'locate-path': [ '6.0.0' ],
21 silly audit   lodash: [ '4.17.21' ],
21 silly audit   'lodash.merge': [ '4.6.2' ],
21 silly audit   'loose-envify': [ '1.4.0' ],
21 silly audit   'lower-case': [ '2.0.2' ],
21 silly audit   'lucide-react': [ '0.447.0' ],
21 silly audit   'make-fetch-happen': [ '9.1.0' ],
21 silly audit   'map-obj': [ '4.3.0' ],
21 silly audit   merge2: [ '1.4.1' ],
21 silly audit   micromatch: [ '4.0.8' ],
21 silly audit   'mimic-response': [ '3.1.0' ],
21 silly audit   minimist: [ '1.2.8' ],
21 silly audit   'minipass-collect': [ '1.0.2' ],
21 silly audit   'minipass-fetch': [ '1.4.1' ],
21 silly audit   'minipass-flush': [ '1.0.5' ],
21 silly audit   'minipass-pipeline': [ '1.2.4' ],
21 silly audit   'minipass-sized': [ '1.0.3' ],
21 silly audit   minizlib: [ '2.1.2' ],
21 silly audit   mkdirp: [ '1.0.4' ],
21 silly audit   'mkdirp-classic': [ '0.5.3' ],
21 silly audit   ms: [ '2.1.3' ],
21 silly audit   mz: [ '2.7.0' ],
21 silly audit   nanoid: [ '3.3.7' ],
21 silly audit   'napi-build-utils': [ '1.0.2' ],
21 silly audit   'natural-compare': [ '1.4.0' ],
21 silly audit   negotiator: [ '0.6.4' ],
21 silly audit   next: [ '14.2.14' ],
21 silly audit   postcss: [ '8.4.31', '8.4.47' ],
21 silly audit   'no-case': [ '3.0.4' ],
21 silly audit   'node-abi': [ '3.71.0' ],
21 silly audit   'node-addon-api': [ '7.1.1' ],
21 silly audit   'node-gyp': [ '8.4.1' ],
21 silly audit   'node-gyp-build': [ '4.8.4' ],
21 silly audit   nopt: [ '5.0.0' ],
21 silly audit   'normalize-path': [ '3.0.0' ],
21 silly audit   npmlog: [ '6.0.2' ],
21 silly audit   'object-assign': [ '4.1.1' ],
21 silly audit   'object-hash': [ '3.0.0' ],
21 silly audit   'object-inspect': [ '1.13.2' ],
21 silly audit   'object-is': [ '1.1.6' ],
21 silly audit   'object-keys': [ '1.1.1' ],
21 silly audit   'object.assign': [ '4.1.5' ],
21 silly audit   'object.entries': [ '1.1.8' ],
21 silly audit   'object.fromentries': [ '2.0.8' ],
21 silly audit   'object.groupby': [ '1.0.3' ],
21 silly audit   'object.values': [ '1.2.0' ],
21 silly audit   obuf: [ '1.1.2' ],
21 silly audit   once: [ '1.4.0' ],
21 silly audit   optionator: [ '0.9.4' ],
21 silly audit   'p-limit': [ '3.1.0' ],
21 silly audit   'p-locate': [ '5.0.0' ],
21 silly audit   'p-map': [ '4.0.0' ],
21 silly audit   'parent-module': [ '1.0.1' ],
21 silly audit   'path-exists': [ '4.0.0' ],
21 silly audit   'path-is-absolute': [ '1.0.1' ],
21 silly audit   'path-key': [ '3.1.1' ],
21 silly audit   'path-parse': [ '1.0.7' ],
21 silly audit   'path-scurry': [ '1.11.1' ],
21 silly audit   'pg-int8': [ '1.0.1' ],
21 silly audit   'pg-numeric': [ '1.0.2' ],
21 silly audit   'pg-protocol': [ '1.7.0' ],
21 silly audit   'pg-types': [ '4.0.2' ],
21 silly audit   picocolors: [ '1.1.0' ],
21 silly audit   picomatch: [ '2.3.1' ],
21 silly audit   pify: [ '2.3.0' ],
21 silly audit   pirates: [ '4.0.6' ],
21 silly audit   'possible-typed-array-names': [ '1.0.0' ],
21 silly audit   'postcss-import': [ '15.1.0' ],
21 silly audit   'postcss-js': [ '4.0.1' ],
21 silly audit   'postcss-load-config': [ '4.0.2' ],
21 silly audit   'postcss-nested': [ '6.2.0' ],
21 silly audit   'postcss-selector-parser': [ '6.1.2' ],
21 silly audit   'postcss-value-parser': [ '4.2.0' ],
21 silly audit   'postgres-array': [ '3.0.2' ],
21 silly audit   'postgres-bytea': [ '3.0.0' ],
21 silly audit   'postgres-date': [ '2.1.0' ],
21 silly audit   'postgres-interval': [ '3.0.0' ],
21 silly audit   'postgres-range': [ '1.1.4' ],
21 silly audit   'prebuild-install': [ '7.1.2' ],
21 silly audit   'prelude-ls': [ '1.2.1' ],
21 silly audit   'promise-inflight': [ '1.0.1' ],
21 silly audit   'promise-retry': [ '2.0.1' ],
21 silly audit   'prop-types': [ '15.8.1' ],
21 silly audit   pump: [ '3.0.2' ],
21 silly audit   punycode: [ '2.3.1' ],
21 silly audit   'queue-microtask': [ '1.2.3' ],
21 silly audit   rc: [ '1.2.8' ],
21 silly audit   'strip-json-comments': [ '2.0.1', '3.1.1' ],
21 silly audit   react: [ '18.3.1' ],
21 silly audit   'react-chartjs-2': [ '5.2.0' ],
21 silly audit   'react-day-picker': [ '8.10.1' ],
21 silly audit   'react-dom': [ '18.3.1' ],
21 silly audit   'react-hot-toast': [ '2.4.1' ],
21 silly audit   'react-is': [ '16.13.1', '18.3.1' ],
21 silly audit   'react-remove-scroll-bar': [ '2.3.6' ],
21 silly audit   'react-smooth': [ '4.0.3' ],
21 silly audit   'react-style-singleton': [ '2.2.1' ],
21 silly audit   'react-transition-group': [ '4.4.5' ],
21 silly audit   'read-cache': [ '1.0.0' ],
21 silly audit   'readable-stream': [ '3.6.2' ],
21 silly audit   readdirp: [ '3.6.0' ],
21 silly audit   recharts: [ '2.14.1' ],
21 silly audit   'recharts-scale': [ '0.4.5' ],
21 silly audit   'reflect.getprototypeof': [ '1.0.6' ],
21 silly audit   'regenerator-runtime': [ '0.14.1' ],
21 silly audit   'regexp.prototype.flags': [ '1.5.3' ],
21 silly audit   'resolve-from': [ '4.0.0' ],
21 silly audit   'resolve-pkg-maps': [ '1.0.0' ],
21 silly audit   retry: [ '0.12.0' ],
21 silly audit   reusify: [ '1.0.4' ],
21 silly audit   rimraf: [ '3.0.2' ],
21 silly audit   'run-parallel': [ '1.2.0' ],
21 silly audit   'safe-array-concat': [ '1.1.2' ],
21 silly audit   'safe-buffer': [ '5.2.1' ],
21 silly audit   'safe-regex-test': [ '1.0.3' ],
21 silly audit   'safer-buffer': [ '2.1.2' ],
21 silly audit   scheduler: [ '0.23.2' ],
21 silly audit   'server-only': [ '0.0.1' ],
21 silly audit   'set-blocking': [ '2.0.0' ],
21 silly audit   'set-function-length': [ '1.2.2' ],
21 silly audit   'set-function-name': [ '2.0.2' ],
21 silly audit   'shebang-command': [ '2.0.0' ],
21 silly audit   'shebang-regex': [ '3.0.0' ],
21 silly audit   'side-channel': [ '1.0.6' ],
21 silly audit   'simple-concat': [ '1.0.1' ],
21 silly audit   'simple-get': [ '4.0.1' ],
21 silly audit   'smart-buffer': [ '4.2.0' ],
21 silly audit   'snake-case': [ '3.0.4' ],
21 silly audit   'snakecase-keys': [ '5.4.4' ],
21 silly audit   'type-fest': [ '2.19.0', '0.20.2' ],
21 silly audit   socks: [ '2.8.3' ],
21 silly audit   'socks-proxy-agent': [ '6.2.1' ],
21 silly audit   'source-map-js': [ '1.2.1' ],
21 silly audit   'sprintf-js': [ '1.1.3' ],
21 silly audit   sqlite3: [ '5.1.7' ],
21 silly audit   ssri: [ '8.0.1' ],
21 silly audit   'std-env': [ '3.7.0' ],
21 silly audit   'stop-iteration-iterator': [ '1.0.0' ],
21 silly audit   streamsearch: [ '1.1.0' ],
21 silly audit   string_decoder: [ '1.3.0' ],
21 silly audit   'string.prototype.includes': [ '2.0.0' ],
21 silly audit   'string.prototype.matchall': [ '4.0.11' ],
21 silly audit   'string.prototype.repeat': [ '1.0.0' ],
21 silly audit   'string.prototype.trim': [ '1.2.9' ],
21 silly audit   'string.prototype.trimend': [ '1.0.8' ],
21 silly audit   'string.prototype.trimstart': [ '1.0.8' ],
21 silly audit   'strip-bom': [ '3.0.0' ],
21 silly audit   'styled-jsx': [ '5.1.1' ],
21 silly audit   sucrase: [ '3.35.0' ],
21 silly audit   'supports-color': [ '7.2.0' ],
21 silly audit   'supports-preserve-symlinks-flag': [ '1.0.0' ],
21 silly audit   swr: [ '2.2.5' ],
21 silly audit   'tailwind-merge': [ '2.5.3' ],
21 silly audit   tailwindcss: [ '3.4.13' ],
21 silly audit   'tailwindcss-animate': [ '1.0.7' ],
21 silly audit   tapable: [ '2.2.1' ],
21 silly audit   tar: [ '6.2.1' ],
21 silly audit   'tar-fs': [ '2.1.1' ],
21 silly audit   'tar-stream': [ '2.2.0' ],
21 silly audit   'text-table': [ '0.2.0' ],
21 silly audit   thenify: [ '3.3.1' ],
21 silly audit   'thenify-all': [ '1.6.0' ],
21 silly audit   'tiny-invariant': [ '1.3.3' ],
21 silly audit   'to-regex-range': [ '5.0.1' ],
21 silly audit   'ts-api-utils': [ '1.3.0' ],
21 silly audit   'ts-interface-checker': [ '0.1.13' ],
21 silly audit   'tsconfig-paths': [ '3.15.0' ],
21 silly audit   'tunnel-agent': [ '0.6.0' ],
21 silly audit   'type-check': [ '0.4.0' ],
21 silly audit   'typed-array-buffer': [ '1.0.2' ],
21 silly audit   'typed-array-byte-length': [ '1.0.1' ],
21 silly audit   'typed-array-byte-offset': [ '1.0.2' ],
21 silly audit   'typed-array-length': [ '1.0.6' ],
21 silly audit   typescript: [ '5.6.2' ],
21 silly audit   'unbox-primitive': [ '1.0.2' ],
21 silly audit   'undici-types': [ '6.19.8' ],
21 silly audit   'unique-filename': [ '1.1.1' ],
21 silly audit   'unique-slug': [ '2.0.2' ],
21 silly audit   'uri-js': [ '4.4.1' ],
21 silly audit   'use-callback-ref': [ '1.3.2' ],
21 silly audit   'use-sidecar': [ '1.1.2' ],
21 silly audit   'use-sync-external-store': [ '1.2.2' ],
21 silly audit   'util-deprecate': [ '1.0.2' ],
21 silly audit   'victory-vendor': [ '36.9.2' ],
21 silly audit   which: [ '2.0.2' ],
21 silly audit   'which-boxed-primitive': [ '1.0.2' ],
21 silly audit   'which-builtin-type': [ '1.1.4' ],
21 silly audit   'which-collection': [ '1.0.2' ],
21 silly audit   'which-typed-array': [ '1.1.15' ],
21 silly audit   'wide-align': [ '1.1.5' ],
21 silly audit   'word-wrap': [ '1.2.5' ],
21 silly audit   'wrap-ansi': [ '8.1.0', '7.0.0' ],
21 silly audit   wrappy: [ '1.0.2' ],
21 silly audit   ws: [ '8.18.0' ],
21 silly audit   yallist: [ '4.0.0' ],
21 silly audit   yaml: [ '2.5.1' ],
21 silly audit   'yocto-queue': [ '0.1.0' ],
21 silly audit   zod: [ '3.23.8' ]
21 silly audit }
22 verbose reify failed optional dependency D:\UpdatedFYP\manufacturing-progress-tracker-main\node_modules\fsevents
23 silly reify mark deleted [
23 silly reify   'D:\\UpdatedFYP\\manufacturing-progress-tracker-main\\node_modules\\fsevents'
23 silly reify ]
24 verbose reify failed optional dependency D:\UpdatedFYP\manufacturing-progress-tracker-main\node_modules\@next\swc-win32-ia32-msvc
25 silly reify mark deleted [
25 silly reify   'D:\\UpdatedFYP\\manufacturing-progress-tracker-main\\node_modules\\@next\\swc-win32-ia32-msvc'
25 silly reify ]
26 verbose reify failed optional dependency D:\UpdatedFYP\manufacturing-progress-tracker-main\node_modules\@next\swc-win32-arm64-msvc
27 silly reify mark deleted [
27 silly reify   'D:\\UpdatedFYP\\manufacturing-progress-tracker-main\\node_modules\\@next\\swc-win32-arm64-msvc'
27 silly reify ]
28 verbose reify failed optional dependency D:\UpdatedFYP\manufacturing-progress-tracker-main\node_modules\@next\swc-linux-x64-musl
29 silly reify mark deleted [
29 silly reify   'D:\\UpdatedFYP\\manufacturing-progress-tracker-main\\node_modules\\@next\\swc-linux-x64-musl'
29 silly reify ]
30 verbose reify failed optional dependency D:\UpdatedFYP\manufacturing-progress-tracker-main\node_modules\@next\swc-linux-x64-gnu
31 silly reify mark deleted [
31 silly reify   'D:\\UpdatedFYP\\manufacturing-progress-tracker-main\\node_modules\\@next\\swc-linux-x64-gnu'
31 silly reify ]
32 verbose reify failed optional dependency D:\UpdatedFYP\manufacturing-progress-tracker-main\node_modules\@next\swc-linux-arm64-musl
33 silly reify mark deleted [
33 silly reify   'D:\\UpdatedFYP\\manufacturing-progress-tracker-main\\node_modules\\@next\\swc-linux-arm64-musl'
33 silly reify ]
34 verbose reify failed optional dependency D:\UpdatedFYP\manufacturing-progress-tracker-main\node_modules\@next\swc-linux-arm64-gnu
35 silly reify mark deleted [
35 silly reify   'D:\\UpdatedFYP\\manufacturing-progress-tracker-main\\node_modules\\@next\\swc-linux-arm64-gnu'
35 silly reify ]
36 verbose reify failed optional dependency D:\UpdatedFYP\manufacturing-progress-tracker-main\node_modules\@next\swc-darwin-x64
37 silly reify mark deleted [
37 silly reify   'D:\\UpdatedFYP\\manufacturing-progress-tracker-main\\node_modules\\@next\\swc-darwin-x64'
37 silly reify ]
38 verbose reify failed optional dependency D:\UpdatedFYP\manufacturing-progress-tracker-main\node_modules\@next\swc-darwin-arm64
39 silly reify mark deleted [
39 silly reify   'D:\\UpdatedFYP\\manufacturing-progress-tracker-main\\node_modules\\@next\\swc-darwin-arm64'
39 silly reify ]
40 http fetch POST 200 https://registry.npmjs.org/-/npm/v1/security/advisories/bulk 615ms
41 silly audit report {
41 silly audit report   'cross-spawn': [
41 silly audit report     {
41 silly audit report       id: 1100563,
41 silly audit report       url: 'https://github.com/advisories/GHSA-3xgq-45jj-v275',
41 silly audit report       title: 'Regular Expression Denial of Service (ReDoS) in cross-spawn',
41 silly audit report       severity: 'high',
41 silly audit report       vulnerable_versions: '>=7.0.0 <7.0.5',
41 silly audit report       cwe: [Array],
41 silly audit report       cvss: [Object]
41 silly audit report     }
41 silly audit report   ],
41 silly audit report   nanoid: [
41 silly audit report     {
41 silly audit report       id: 1101163,
41 silly audit report       url: 'https://github.com/advisories/GHSA-mwcw-c2x4-8c55',
41 silly audit report       title: 'Predictable results in nanoid generation when given non-integer values',
41 silly audit report       severity: 'moderate',
41 silly audit report       vulnerable_versions: '<3.3.8',
41 silly audit report       cwe: [Array],
41 silly audit report       cvss: [Object]
41 silly audit report     }
41 silly audit report   ],
41 silly audit report   next: [
41 silly audit report     {
41 silly audit report       id: 1101380,
41 silly audit report       url: 'https://github.com/advisories/GHSA-7gfc-8cq8-jh5f',
41 silly audit report       title: 'Next.js authorization bypass vulnerability',
41 silly audit report       severity: 'high',
41 silly audit report       vulnerable_versions: '>=9.5.5 <14.2.15',
41 silly audit report       cwe: [Array],
41 silly audit report       cvss: [Object]
41 silly audit report     },
41 silly audit report     {
41 silly audit report       id: 1101438,
41 silly audit report       url: 'https://github.com/advisories/GHSA-7m27-7ghc-44w9',
41 silly audit report       title: 'Next.js Allows a Denial of Service (DoS) with Server Actions',
41 silly audit report       severity: 'moderate',
41 silly audit report       vulnerable_versions: '>=14.0.0 <14.2.21',
41 silly audit report       cwe: [Array],
41 silly audit report       cvss: [Object]
41 silly audit report     }
41 silly audit report   ]
41 silly audit report }
42 silly packumentCache corgi:https://registry.npmjs.org/cross-spawn cache-miss
43 silly packumentCache corgi:https://registry.npmjs.org/nanoid cache-miss
44 silly packumentCache corgi:https://registry.npmjs.org/next cache-miss
45 http fetch GET 200 https://registry.npmjs.org/nanoid 825ms (cache miss)
46 silly packumentCache corgi:https://registry.npmjs.org/nanoid set size:undefined disposed:false
47 http fetch GET 200 https://registry.npmjs.org/cross-spawn 1182ms (cache updated)
48 silly packumentCache corgi:https://registry.npmjs.org/cross-spawn set size:undefined disposed:false
49 http fetch GET 200 https://registry.npmjs.org/next 2316ms (cache miss)
50 silly packumentCache corgi:https://registry.npmjs.org/next set size:undefined disposed:false
51 silly packumentCache corgi:https://registry.npmjs.org/eslint cache-miss
52 silly packumentCache corgi:https://registry.npmjs.org/foreground-child cache-miss
53 http fetch GET 200 https://registry.npmjs.org/foreground-child 207ms (cache updated)
54 silly packumentCache corgi:https://registry.npmjs.org/foreground-child set size:undefined disposed:false
55 http fetch GET 200 https://registry.npmjs.org/eslint 239ms (cache updated)
56 silly packumentCache corgi:https://registry.npmjs.org/eslint set size:undefined disposed:false
57 silly packumentCache corgi:https://registry.npmjs.org/postcss cache-miss
58 http fetch GET 200 https://registry.npmjs.org/postcss 196ms (cache miss)
59 silly packumentCache corgi:https://registry.npmjs.org/postcss set size:undefined disposed:false
60 silly packumentCache corgi:https://registry.npmjs.org/@clerk%2fnextjs cache-miss
61 http fetch GET 200 https://registry.npmjs.org/@clerk%2fnextjs 2029ms (cache miss)
62 silly packumentCache corgi:https://registry.npmjs.org/@clerk%2fnextjs set size:undefined disposed:false
63 silly ADD
64 silly ADD
65 silly ADD
66 silly ADD
67 silly ADD
68 silly ADD
69 silly ADD
70 silly ADD
71 silly ADD
72 verbose cwd D:\UpdatedFYP\manufacturing-progress-tracker-main
73 verbose os Windows_NT 10.0.22631
74 verbose node v18.20.5
75 verbose npm  v10.8.2
76 verbose exit 0
77 info ok
